<?xml version="1.0" encoding="UTF-8"?>
<testsuite name="sdm.reversi.TestReversiGame" tests="7" skipped="0" failures="0" errors="0" timestamp="2021-01-27T12:00:47" hostname="MBP-di-Enrico-2.lan" time="0.03">
  <properties/>
  <testcase name="[1] othello2017FinalBoard" classname="sdm.reversi.TestReversiGame" time="0.001"/>
  <testcase name="hasBlackInStallWithBoardWithOnlyOneBlackDiskIn3DAndIsOver()" classname="sdm.reversi.TestReversiGame" time="0.001"/>
  <testcase name="[1] othello8x8Board" classname="sdm.reversi.TestReversiGame" time="0.002"/>
  <testcase name="[1] allWhite8x8Board" classname="sdm.reversi.TestReversiGame" time="0.003"/>
  <testcase name="[1] first4RowsWhiteAndLast4RowsBlack8x8Board" classname="sdm.reversi.TestReversiGame" time="0.001"/>
  <testcase name="[1] othello2011FinalBoard" classname="sdm.reversi.TestReversiGame" time="0.002"/>
  <testcase name="[1] othello4x4BoardWonByBlack" classname="sdm.reversi.TestReversiGame" time="0.001"/>
  <system-out><![CDATA[]]></system-out>
  <system-err><![CDATA[]]></system-err>
</testsuite>
