<?xml version="1.0" encoding="UTF-8"?>
<testsuite name="sdm.reversi.game.TestReversiInitialMove" tests="3" skipped="0" failures="0" errors="0" timestamp="2021-01-27T15:32:28" hostname="LAPTOP-KHLU3N1T" time="0.05">
  <properties/>
  <testcase name="[1] 8, 6D" classname="sdm.reversi.game.TestReversiInitialMove" time="0.042"/>
  <testcase name="[2] 4, 1A" classname="sdm.reversi.game.TestReversiInitialMove" time="0.001"/>
  <testcase name="[3] 10, 2B" classname="sdm.reversi.game.TestReversiInitialMove" time="0.001"/>
  <system-out><![CDATA[]]></system-out>
  <system-err><![CDATA[]]></system-err>
</testsuite>
