<?xml version="1.0" encoding="UTF-8"?>
<testsuite name="sdm.reversi.TestOthelloPlay" tests="3" skipped="0" failures="0" errors="0" timestamp="2021-01-27T12:06:57" hostname="LAPTOP-KHLU3N1T" time="0.021">
  <properties/>
  <testcase name="requiresMoveRepetitionIfGivenMoveIsInvalid()" classname="sdm.reversi.TestOthelloPlay" time="0.012"/>
  <testcase name="makesSkipTurnIfThereAreNoAvailableMoves()" classname="sdm.reversi.TestOthelloPlay" time="0.003"/>
  <testcase name="isOverAfterTwoMoves()" classname="sdm.reversi.TestOthelloPlay" time="0.004"/>
  <system-out><![CDATA[]]></system-out>
  <system-err><![CDATA[]]></system-err>
</testsuite>
