<?xml version="1.0" encoding="UTF-8"?>
<testsuite name="sdm.reversi.game.TestReversiInitialMove" tests="3" skipped="0" failures="0" errors="0" timestamp="2021-01-27T15:30:51" hostname="LAPTOP-KHLU3N1T" time="0.005">
  <properties/>
  <testcase name="[1] 8, 4D-4E-5D-5E" classname="sdm.reversi.game.TestReversiInitialMove" time="0.002"/>
  <testcase name="[2] 4, 2B-2C-3B-3C" classname="sdm.reversi.game.TestReversiInitialMove" time="0.0"/>
  <testcase name="[3] 10, 5E-5F-6E-6F" classname="sdm.reversi.game.TestReversiInitialMove" time="0.001"/>
  <system-out><![CDATA[]]></system-out>
  <system-err><![CDATA[]]></system-err>
</testsuite>
