<?xml version="1.0" encoding="UTF-8"?>
<testsuite name="sdm.reversi.game.TestOthelloGame" tests="8" skipped="0" failures="0" errors="0" timestamp="2021-01-27T14:12:54" hostname="LAPTOP-KHLU3N1T" time="0.105">
  <properties/>
  <testcase name="[1] othello2011FinalBoard" classname="sdm.reversi.game.TestOthelloGame" time="0.015"/>
  <testcase name="[1] othello2017FinalBoard" classname="sdm.reversi.game.TestOthelloGame" time="0.01"/>
  <testcase name="suggestsValidPositionsForFirstBlackMove()" classname="sdm.reversi.game.TestOthelloGame" time="0.002"/>
  <testcase name="[1] othello8x8Board" classname="sdm.reversi.game.TestOthelloGame" time="0.011"/>
  <testcase name="[1] allWhite8x8Board" classname="sdm.reversi.game.TestOthelloGame" time="0.012"/>
  <testcase name="[1] first4RowsWhiteAndLast4RowsBlack8x8Board" classname="sdm.reversi.game.TestOthelloGame" time="0.011"/>
  <testcase name="[1] othello4x4BoardWonByBlack" classname="sdm.reversi.game.TestOthelloGame" time="0.01"/>
  <testcase name="hasBlackInStallWithBoardWithOnlyOneBlackDiskIn3D()" classname="sdm.reversi.game.TestOthelloGame" time="0.01"/>
  <system-out><![CDATA[Bob's turn
Sorry you can make no moves!
Bob's turn
Sorry you can make no moves!
]]></system-out>
  <system-err><![CDATA[]]></system-err>
</testsuite>
