<?xml version="1.0" encoding="UTF-8"?>
<testsuite name="sdm.reversi.game.TestReversiInitialMove" tests="3" skipped="0" failures="0" errors="0" timestamp="2021-01-27T15:34:55" hostname="LAPTOP-KHLU3N1T" time="0.078">
  <properties/>
  <testcase name="[1] 8, 4D" classname="sdm.reversi.game.TestReversiInitialMove" time="0.062"/>
  <testcase name="[2] 4, 3C" classname="sdm.reversi.game.TestReversiInitialMove" time="0.003"/>
  <testcase name="[3] 10, 6E" classname="sdm.reversi.game.TestReversiInitialMove" time="0.002"/>
  <system-out><![CDATA[]]></system-out>
  <system-err><![CDATA[]]></system-err>
</testsuite>
