<?xml version="1.0" encoding="UTF-8"?>
<testsuite name="sdm.reversi.game.TestOthelloPlay" tests="3" skipped="0" failures="0" errors="0" timestamp="2021-01-27T14:39:22" hostname="MBP-di-Enrico-2.lan" time="0.024">
  <properties/>
  <testcase name="requiresMoveRepetitionIfGivenMoveIsInvalid()" classname="sdm.reversi.game.TestOthelloPlay" time="0.016"/>
  <testcase name="makesSkipTurnIfThereAreNoAvailableMoves()" classname="sdm.reversi.game.TestOthelloPlay" time="0.003"/>
  <testcase name="isOverAfterTwoMoves()" classname="sdm.reversi.game.TestOthelloPlay" time="0.004"/>
  <system-out><![CDATA[]]></system-out>
  <system-err><![CDATA[]]></system-err>
</testsuite>
