<?xml version="1.0" encoding="UTF-8"?>
<testsuite name="sdm.reversi.TestDisk" tests="6" skipped="0" failures="0" errors="0" timestamp="2021-01-27T11:38:07" hostname="LAPTOP-KHLU3N1T" time="0.012">
  <properties/>
  <testcase name="[1] BLACK" classname="sdm.reversi.TestDisk" time="0.001"/>
  <testcase name="[2] WHITE" classname="sdm.reversi.TestDisk" time="0.001"/>
  <testcase name="[1] BLACK, B" classname="sdm.reversi.TestDisk" time="0.0"/>
  <testcase name="[2] WHITE, W" classname="sdm.reversi.TestDisk" time="0.0"/>
  <testcase name="[1] BLACK, WHITE" classname="sdm.reversi.TestDisk" time="0.001"/>
  <testcase name="[2] WHITE, BLACK" classname="sdm.reversi.TestDisk" time="0.001"/>
  <system-out><![CDATA[]]></system-out>
  <system-err><![CDATA[]]></system-err>
</testsuite>
