<?xml version="1.0" encoding="UTF-8"?>
<testsuite name="sdm.reversi.TestGameCreation" tests="6" skipped="0" failures="0" errors="0" timestamp="2021-01-27T12:06:57" hostname="LAPTOP-KHLU3N1T" time="0.022">
  <properties/>
  <testcase name="[1] Bob, Alice" classname="sdm.reversi.TestGameCreation" time="0.007"/>
  <testcase name="[2] Jack, John" classname="sdm.reversi.TestGameCreation" time="0.002"/>
  <testcase name="[3] Simon, Leonard" classname="sdm.reversi.TestGameCreation" time="0.002"/>
  <testcase name="[1] Bob" classname="sdm.reversi.TestGameCreation" time="0.003"/>
  <testcase name="[2] Alice" classname="sdm.reversi.TestGameCreation" time="0.0"/>
  <testcase name="[3] John" classname="sdm.reversi.TestGameCreation" time="0.001"/>
  <system-out><![CDATA[]]></system-out>
  <system-err><![CDATA[]]></system-err>
</testsuite>
