<?xml version="1.0" encoding="UTF-8"?>
<testsuite name="sdm.reversi.TestPlayer" tests="2" skipped="0" failures="0" errors="0" timestamp="2021-01-27T08:17:37" hostname="MBP-di-Enrico-2.lan" time="0.003">
  <properties/>
  <testcase name="[1] Bob, BLACK" classname="sdm.reversi.TestPlayer" time="0.002"/>
  <testcase name="[2] Alice, WHITE" classname="sdm.reversi.TestPlayer" time="0.001"/>
  <system-out><![CDATA[]]></system-out>
  <system-err><![CDATA[]]></system-err>
</testsuite>
