<?xml version="1.0" encoding="UTF-8"?>
<testsuite name="sdm.reversi.TestOthelloPlay" tests="3" skipped="0" failures="0" errors="0" timestamp="2021-01-27T12:00:47" hostname="MBP-di-Enrico-2.lan" time="0.02">
  <properties/>
  <testcase name="requiresMoveRepetitionIfGivenMoveIsInvalid()" classname="sdm.reversi.TestOthelloPlay" time="0.011"/>
  <testcase name="makesSkipTurnIfThereAreNoAvailableMoves()" classname="sdm.reversi.TestOthelloPlay" time="0.002"/>
  <testcase name="isOverAfterTwoMoves()" classname="sdm.reversi.TestOthelloPlay" time="0.005"/>
  <system-out><![CDATA[]]></system-out>
  <system-err><![CDATA[]]></system-err>
</testsuite>
