<?xml version="1.0" encoding="UTF-8"?>
<testsuite name="sdm.reversi.game.TestOthelloMove" tests="1" skipped="0" failures="0" errors="0" timestamp="2021-01-27T14:21:47" hostname="LAPTOP-KHLU3N1T" time="0.067">
  <properties/>
  <testcase name="[1] 6E" classname="sdm.reversi.game.TestOthelloMove" time="0.067"/>
  <system-out><![CDATA[]]></system-out>
  <system-err><![CDATA[]]></system-err>
</testsuite>
