<?xml version="1.0" encoding="UTF-8"?>
<testsuite name="sdm.reversi.TestOthelloPlay" tests="1" skipped="0" failures="0" errors="0" timestamp="2021-01-27T09:49:51" hostname="LAPTOP-KHLU3N1T" time="0.041">
  <properties/>
  <testcase name="requiresMoveRepetitionIfGivenMoveIsInvalid()" classname="sdm.reversi.TestOthelloPlay" time="0.041"/>
  <system-out><![CDATA[]]></system-out>
  <system-err><![CDATA[]]></system-err>
</testsuite>
