<?xml version="1.0" encoding="UTF-8"?>
<testsuite name="sdm.reversi.TestDisk" tests="6" skipped="0" failures="0" errors="0" timestamp="2021-01-26T14:59:11" hostname="MBP-di-Enrico-2.lan" time="0.021">
  <properties/>
  <testcase name="[1] BLACK" classname="sdm.reversi.TestDisk" time="0.001"/>
  <testcase name="[2] WHITE" classname="sdm.reversi.TestDisk" time="0.001"/>
  <testcase name="[1] BLACK, B" classname="sdm.reversi.TestDisk" time="0.001"/>
  <testcase name="[2] WHITE, W" classname="sdm.reversi.TestDisk" time="0.0"/>
  <testcase name="[1] BLACK, WHITE" classname="sdm.reversi.TestDisk" time="0.001"/>
  <testcase name="[2] WHITE, BLACK" classname="sdm.reversi.TestDisk" time="0.002"/>
  <system-out><![CDATA[]]></system-out>
  <system-err><![CDATA[]]></system-err>
</testsuite>
