<?xml version="1.0" encoding="UTF-8"?>
<testsuite name="sdm.reversi.TestOthelloGame" tests="6" skipped="0" failures="0" errors="0" timestamp="2021-01-26T15:44:21" hostname="LAPTOP-KHLU3N1T" time="0.024">
  <properties/>
  <testcase name="[1] othello2011FinalBoard" classname="sdm.reversi.TestOthelloGame" time="0.002"/>
  <testcase name="gameWith2017FinalBoardIsWonByAlice()" classname="sdm.reversi.TestOthelloGame" time="0.004"/>
  <testcase name="[1] othello8x8Board" classname="sdm.reversi.TestOthelloGame" time="0.001"/>
  <testcase name="[1] allWhite8x8Board" classname="sdm.reversi.TestOthelloGame" time="0.001"/>
  <testcase name="[1] first4RowsWhiteAndLast4RowsBlack8x8Board" classname="sdm.reversi.TestOthelloGame" time="0.002"/>
  <testcase name="hasBlackInStallWithBoardWithOnlyOneBlackDiskIn3D()" classname="sdm.reversi.TestOthelloGame" time="0.003"/>
  <system-out><![CDATA[]]></system-out>
  <system-err><![CDATA[]]></system-err>
</testsuite>
