<?xml version="1.0" encoding="UTF-8"?>
<testsuite name="sdm.reversi.game.TestOthelloMove" tests="13" skipped="0" failures="0" errors="0" timestamp="2021-01-27T14:12:54" hostname="LAPTOP-KHLU3N1T" time="0.105">
  <properties/>
  <testcase name="[1] 6E, 5E" classname="sdm.reversi.game.TestOthelloMove" time="0.001"/>
  <testcase name="[2] 5F, 5E" classname="sdm.reversi.game.TestOthelloMove" time="0.001"/>
  <testcase name="[3] 4C, 4D" classname="sdm.reversi.game.TestOthelloMove" time="0.001"/>
  <testcase name="[4] 3D, 4D" classname="sdm.reversi.game.TestOthelloMove" time="0.001"/>
  <testcase name="[1] 6C" classname="sdm.reversi.game.TestOthelloMove" time="0.001"/>
  <testcase name="[1] 5D" classname="sdm.reversi.game.TestOthelloMove" time="0.001"/>
  <testcase name="[1] 1A" classname="sdm.reversi.game.TestOthelloMove" time="0.002"/>
  <testcase name="[1] othello8x8Board, 4C, othello8x8BoardAfterBlackIn4C" classname="sdm.reversi.game.TestOthelloMove" time="0.009"/>
  <testcase name="[2] othello8x8Board, 6E, othello8x8BoardAfterBlackIn6E" classname="sdm.reversi.game.TestOthelloMove" time="0.011"/>
  <testcase name="[3] othello8x8CustomBoard1, 6F, othello8x8CustomBoard1AfterBlackIn6F" classname="sdm.reversi.game.TestOthelloMove" time="0.029"/>
  <testcase name="[1] 6E" classname="sdm.reversi.game.TestOthelloMove" time="0.002"/>
  <testcase name="[1] 6F" classname="sdm.reversi.game.TestOthelloMove" time="0.001"/>
  <testcase name="[1] 3C" classname="sdm.reversi.game.TestOthelloMove" time="0.001"/>
  <system-out><![CDATA[]]></system-out>
  <system-err><![CDATA[]]></system-err>
</testsuite>
