<?xml version="1.0" encoding="UTF-8"?>
<testsuite name="sdm.reversi.game.TestGameCreation" tests="6" skipped="0" failures="0" errors="0" timestamp="2021-01-27T14:39:22" hostname="MBP-di-Enrico-2.lan" time="0.025">
  <properties/>
  <testcase name="[1] Bob, Alice" classname="sdm.reversi.game.TestGameCreation" time="0.009"/>
  <testcase name="[2] Jack, John" classname="sdm.reversi.game.TestGameCreation" time="0.002"/>
  <testcase name="[3] Simon, Leonard" classname="sdm.reversi.game.TestGameCreation" time="0.002"/>
  <testcase name="[1] Bob" classname="sdm.reversi.game.TestGameCreation" time="0.002"/>
  <testcase name="[2] Alice" classname="sdm.reversi.game.TestGameCreation" time="0.001"/>
  <testcase name="[3] John" classname="sdm.reversi.game.TestGameCreation" time="0.001"/>
  <system-out><![CDATA[]]></system-out>
  <system-err><![CDATA[]]></system-err>
</testsuite>
