<?xml version="1.0" encoding="UTF-8"?>
<testsuite name="sdm.reversi.game.TestOthelloPlay" tests="3" skipped="0" failures="0" errors="0" timestamp="2021-01-27T15:30:51" hostname="LAPTOP-KHLU3N1T" time="0.03">
  <properties/>
  <testcase name="requiresMoveRepetitionIfGivenMoveIsInvalid()" classname="sdm.reversi.game.TestOthelloPlay" time="0.017"/>
  <testcase name="makesSkipTurnIfThereAreNoAvailableMoves()" classname="sdm.reversi.game.TestOthelloPlay" time="0.004"/>
  <testcase name="isOverAfterTwoMoves()" classname="sdm.reversi.game.TestOthelloPlay" time="0.008"/>
  <system-out><![CDATA[]]></system-out>
  <system-err><![CDATA[]]></system-err>
</testsuite>
