<?xml version="1.0" encoding="UTF-8"?>
<testsuite name="sdm.reversi.board.TestPuttingDiskIn" tests="9" skipped="0" failures="0" errors="0" timestamp="2021-01-27T15:30:50" hostname="LAPTOP-KHLU3N1T" time="0.029">
  <properties/>
  <testcase name="[1] 11C" classname="sdm.reversi.board.TestPuttingDiskIn" time="0.006"/>
  <testcase name="[2] 0A" classname="sdm.reversi.board.TestPuttingDiskIn" time="0.001"/>
  <testcase name="[3] 4I" classname="sdm.reversi.board.TestPuttingDiskIn" time="0.001"/>
  <testcase name="[1] 1A" classname="sdm.reversi.board.TestPuttingDiskIn" time="0.002"/>
  <testcase name="[2] 5F" classname="sdm.reversi.board.TestPuttingDiskIn" time="0.001"/>
  <testcase name="[3] 8H" classname="sdm.reversi.board.TestPuttingDiskIn" time="0.001"/>
  <testcase name="[1] 1A" classname="sdm.reversi.board.TestPuttingDiskIn" time="0.001"/>
  <testcase name="[2] 2A" classname="sdm.reversi.board.TestPuttingDiskIn" time="0.0"/>
  <testcase name="[3] 5C" classname="sdm.reversi.board.TestPuttingDiskIn" time="0.0"/>
  <system-out><![CDATA[]]></system-out>
  <system-err><![CDATA[]]></system-err>
</testsuite>
