<?xml version="1.0" encoding="UTF-8"?>
<testsuite name="sdm.reversi.game.TestGameMove" tests="1" skipped="0" failures="0" errors="0" timestamp="2021-01-27T14:34:27" hostname="LAPTOP-KHLU3N1T" time="0.091">
  <properties/>
  <testcase name="[1] 1A" classname="sdm.reversi.game.TestGameMove" time="0.091"/>
  <system-out><![CDATA[]]></system-out>
  <system-err><![CDATA[]]></system-err>
</testsuite>
