<?xml version="1.0" encoding="UTF-8"?>
<testsuite name="sdm.reversi.TestOthelloPlay" tests="2" skipped="0" failures="0" errors="0" timestamp="2021-01-27T10:04:37" hostname="LAPTOP-KHLU3N1T" time="0.046">
  <properties/>
  <testcase name="requiresMoveRepetitionIfGivenMoveIsInvalid()" classname="sdm.reversi.TestOthelloPlay" time="0.04"/>
  <testcase name="isOverAfterTwoMoves()" classname="sdm.reversi.TestOthelloPlay" time="0.006"/>
  <system-out><![CDATA[]]></system-out>
  <system-err><![CDATA[]]></system-err>
</testsuite>
